Using pre-set license
Built from '2020.3/staging' branch; Version is '2020.3.13f1 (71691879b7f5) revision 7432472'; Using compiler version '192528614'; Build Type 'Release'
OS: 'Windows 10 Home; OS build 19043.1288; Version 2009; 64bit' Language: 'en' Physical Memory: 8029 MB
BatchMode: 1, IsHumanControllingUs: 0, StartBugReporterOnCrash: 0, Is64bit: 1, IsPro: 0

 COMMAND LINE ARGUMENTS:
C:\Program Files\Unity\Hub\Editor\2020.3.13f1\Editor\Unity.exe
-adb2
-batchMode
-noUpm
-name
AssetImportWorker0
-projectPath
C:/Users/Francisco Ortiz/Desktop/DERV_3_Unidad_2_Progs
-logFile
Logs/AssetImportWorker0.log
-srvPort
49976
Successfully changed project path to: C:/Users/Francisco Ortiz/Desktop/DERV_3_Unidad_2_Progs
C:/Users/Francisco Ortiz/Desktop/DERV_3_Unidad_2_Progs
Using Asset Import Pipeline V2.
Refreshing native plugins compatible for Editor in 39.33 ms, found 2 plugins.
Preloading 0 native plugins for Editor in 0.00 ms.
Initialize engine version: 2020.3.13f1 (71691879b7f5)
[Subsystems] Discovering subsystems at path C:/Program Files/Unity/Hub/Editor/2020.3.13f1/Editor/Data/Resources/UnitySubsystems
[Subsystems] Discovering subsystems at path C:/Users/Francisco Ortiz/Desktop/DERV_3_Unidad_2_Progs/Assets
GfxDevice: creating device client; threaded=0
Direct3D:
    Version:  Direct3D 11.0 [level 11.1]
    Renderer: NVIDIA GeForce GTX 1650 Ti (ID=0x1f95)
    Vendor:   
    VRAM:     3962 MB
    Driver:   30.0.14.9613
Initialize mono
Mono path[0] = 'C:/Program Files/Unity/Hub/Editor/2020.3.13f1/Editor/Data/Managed'
Mono path[1] = 'C:/Program Files/Unity/Hub/Editor/2020.3.13f1/Editor/Data/MonoBleedingEdge/lib/mono/unityjit'
Mono config path = 'C:/Program Files/Unity/Hub/Editor/2020.3.13f1/Editor/Data/MonoBleedingEdge/etc'
Using monoOptions --debugger-agent=transport=dt_socket,embedding=1,server=y,suspend=n,address=127.0.0.1:56336
Begin MonoManager ReloadAssembly
Registering precompiled unity dll's ...
Register platform support module: C:/Program Files/Unity/Hub/Editor/2020.3.13f1/Editor/Data/PlaybackEngines/WebGLSupport/UnityEditor.WebGL.Extensions.dll
Register platform support module: C:/Program Files/Unity/Hub/Editor/2020.3.13f1/Editor/Data/PlaybackEngines/MacStandaloneSupport/UnityEditor.OSXStandalone.Extensions.dll
Register platform support module: C:/Program Files/Unity/Hub/Editor/2020.3.13f1/Editor/Data/PlaybackEngines/WindowsStandaloneSupport/UnityEditor.WindowsStandalone.Extensions.dll
Register platform support module: C:/Program Files/Unity/Hub/Editor/2020.3.13f1/Editor/Data/PlaybackEngines/LinuxStandaloneSupport/UnityEditor.LinuxStandalone.Extensions.dll
Register platform support module: C:/Program Files/Unity/Hub/Editor/2020.3.13f1/Editor/Data/PlaybackEngines/LuminSupport/UnityEditor.Lumin.Extensions.dll
Registered in 0.003152 seconds.
Native extension for Lumin target not found
Native extension for LinuxStandalone target not found
Native extension for WindowsStandalone target not found
Native extension for OSXStandalone target not found
Native extension for WebGL target not found
Refreshing native plugins compatible for Editor in 41.50 ms, found 2 plugins.
Preloading 0 native plugins for Editor in 0.00 ms.
Mono: successfully reloaded assembly
- Completed reload, in  1.870 seconds
Platform modules already initialized, skipping
Registering precompiled user dll's ...
Registered in 0.003788 seconds.
Begin MonoManager ReloadAssembly
Native extension for Lumin target not found
Native extension for LinuxStandalone target not found
Native extension for WindowsStandalone target not found
Native extension for OSXStandalone target not found
Native extension for WebGL target not found
Refreshing native plugins compatible for Editor in 0.48 ms, found 2 plugins.
Preloading 0 native plugins for Editor in 0.00 ms.
Mono: successfully reloaded assembly
- Completed reload, in  0.924 seconds
Platform modules already initialized, skipping
========================================================================
Worker process is ready to serve import requests
Launched and connected shader compiler UnityShaderCompiler.exe after 0.03 seconds
Refreshing native plugins compatible for Editor in 0.45 ms, found 2 plugins.
Preloading 0 native plugins for Editor in 0.00 ms.
Unloading 1895 Unused Serialized files (Serialized files now loaded: 0)
System memory in use before: 184.0 MB.
System memory in use after: 184.0 MB.

Unloading 22 unused Assets to reduce memory usage. Loaded Objects now: 2372.
Total: 1.948100 ms (FindLiveObjects: 0.196700 ms CreateObjectMapping: 0.074600 ms MarkObjects: 1.538500 ms  DeleteObjects: 0.137500 ms)

AssetImportParameters requested are different than current active one (requested -> active):
  custom:framework-win-MediaFoundation: 216162199b28c13a410421893ffa2e32 -> 
  custom:video-decoder-ogg-theora: a1e56fd34408186e4bbccfd4996cb3dc -> 
  custom:container-muxer-webm: aa71ff27fc2769a1b78a27578f13a17b -> 
  custom:container-demuxer-webm: 4f35f7cbe854078d1ac9338744f61a02 -> 
  custom:container-demuxer-ogg: 62fdf1f143b41e24485cea50d1cbac27 -> 
  custom:video-encoder-webm-vp8: eb34c28f22e8b96e1ab97ce403110664 -> 
  custom:video-codec-MediaFoundation-h265: 746d11721c4dcdbdad8f713fa42b33f4 -> 
  custom:video-decoder-webm-vp8: 9c59270c3fd7afecdb556c50c9e8de78 -> 
  custom:audio-decoder-ogg-vorbis: bf7c407c2cedff20999df2af8eb42d56 -> 
  custom:audio-encoder-webm-vorbis: bf7c407c2cedff20999df2af8eb42d56 -> 
========================================================================
Received Import Request.
  path: Assets/Scenes/Practicas/Practica.unity
  artifactKey: Guid(e644a9c125c33c2498a466b50990aa1c) Importer(815301076,1909f56bfc062723c751e8b465ee728b)
Start importing Assets/Scenes/Practicas/Practica.unity using Guid(e644a9c125c33c2498a466b50990aa1c) Importer(815301076,1909f56bfc062723c751e8b465ee728b)  -> (artifact id: 'f65d423399b52646d915859379b95fee') in 0.014625 seconds 
  Import took 0.018428 seconds .

========================================================================
Received Import Request.
  Time since last request: 67.541297 seconds.
  path: Assets/Scenes/Practicas/Practica.unity
  artifactKey: Guid(e644a9c125c33c2498a466b50990aa1c) Importer(815301076,1909f56bfc062723c751e8b465ee728b)
Start importing Assets/Scenes/Practicas/Practica.unity using Guid(e644a9c125c33c2498a466b50990aa1c) Importer(815301076,1909f56bfc062723c751e8b465ee728b)  -> (artifact id: '829c2a2c820a0b994170232622d36ab2') in 0.009849 seconds 
  Import took 0.013587 seconds .

========================================================================
Received Import Request.
  Time since last request: 117.809321 seconds.
  path: Assets/Prefabs/Practica1
  artifactKey: Guid(90920ac9392ba394fbc9e4ff676115cc) Importer(815301076,1909f56bfc062723c751e8b465ee728b)
Start importing Assets/Prefabs/Practica1 using Guid(90920ac9392ba394fbc9e4ff676115cc) Importer(815301076,1909f56bfc062723c751e8b465ee728b)  -> (artifact id: '86b6a7d879ebd7de0ade5aee79f3cae1') in 0.009892 seconds 
  Import took 0.013943 seconds .

========================================================================
Received Import Request.
  Time since last request: 3.796103 seconds.
  path: Assets/Prefabs/Practica1/GameObject.prefab
  artifactKey: Guid(dfc691684ad964d44b21dec4173d8321) Importer(815301076,1909f56bfc062723c751e8b465ee728b)
Start importing Assets/Prefabs/Practica1/GameObject.prefab using Guid(dfc691684ad964d44b21dec4173d8321) Importer(815301076,1909f56bfc062723c751e8b465ee728b)  -> (artifact id: '28935e10716c1d228bc5b2cda3aaf509') in 0.025770 seconds 
  Import took 0.029306 seconds .

========================================================================
Received Import Request.
  Time since last request: 88.809197 seconds.
  path: Assets/Prefabs/Practica1/contenedorFinalMan.prefab
  artifactKey: Guid(132c23f1367280e4a8d1f78c8a4e03a3) Importer(815301076,1909f56bfc062723c751e8b465ee728b)
Start importing Assets/Prefabs/Practica1/contenedorFinalMan.prefab using Guid(132c23f1367280e4a8d1f78c8a4e03a3) Importer(815301076,1909f56bfc062723c751e8b465ee728b)  -> (artifact id: 'ac3c2a535be97493fe3dbed82262fd6d') in 0.121856 seconds 
  Import took 0.128817 seconds .

========================================================================
Received Import Request.
  Time since last request: 7.443417 seconds.
  path: Assets/Prefabs/Practica1/contenedorCasualMan.prefab
  artifactKey: Guid(d4465d929629c614d9a8344369598cbf) Importer(815301076,1909f56bfc062723c751e8b465ee728b)
Start importing Assets/Prefabs/Practica1/contenedorCasualMan.prefab using Guid(d4465d929629c614d9a8344369598cbf) Importer(815301076,1909f56bfc062723c751e8b465ee728b)  -> (artifact id: '1ea74818a45ed5c97ca58c17ae1436f0') in 0.031330 seconds 
  Import took 0.035640 seconds .

========================================================================
Received Import Request.
  Time since last request: 17.973481 seconds.
  path: Assets/Prefabs/Practica1/contenedorCasualWoman.prefab
  artifactKey: Guid(0a0bda0ffd6dbef4ab79cdc4da84a22a) Importer(815301076,1909f56bfc062723c751e8b465ee728b)
Start importing Assets/Prefabs/Practica1/contenedorCasualWoman.prefab using Guid(0a0bda0ffd6dbef4ab79cdc4da84a22a) Importer(815301076,1909f56bfc062723c751e8b465ee728b)  -> (artifact id: '0e997806831f48d3c69e673e716441c4') in 0.091919 seconds 
  Import took 0.096463 seconds .

========================================================================
Received Import Request.
  Time since last request: 9.583901 seconds.
  path: Assets/Prefabs/Practica1/ContenedorCajera.prefab
  artifactKey: Guid(6f2bc421dec8bf14c85b5889ad654fbc) Importer(815301076,1909f56bfc062723c751e8b465ee728b)
Start importing Assets/Prefabs/Practica1/ContenedorCajera.prefab using Guid(6f2bc421dec8bf14c85b5889ad654fbc) Importer(815301076,1909f56bfc062723c751e8b465ee728b)  -> (artifact id: 'fa28aa97e05fb298d8a5247de1a06046') in 0.048077 seconds 
  Import took 0.052269 seconds .

========================================================================
Received Prepare
Registering precompiled user dll's ...
Registered in 0.012622 seconds.
Begin MonoManager ReloadAssembly
Native extension for Lumin target not found
Native extension for LinuxStandalone target not found
Native extension for WindowsStandalone target not found
Native extension for OSXStandalone target not found
Native extension for WebGL target not found
Refreshing native plugins compatible for Editor in 0.54 ms, found 2 plugins.
Preloading 0 native plugins for Editor in 0.00 ms.
Mono: successfully reloaded assembly
- Completed reload, in  1.682 seconds
Platform modules already initialized, skipping
Refreshing native plugins compatible for Editor in 0.50 ms, found 2 plugins.
Preloading 0 native plugins for Editor in 0.00 ms.
Unloading 1843 Unused Serialized files (Serialized files now loaded: 0)
System memory in use before: 182.7 MB.
System memory in use after: 182.8 MB.

Unloading 13 unused Assets to reduce memory usage. Loaded Objects now: 2383.
Total: 2.501400 ms (FindLiveObjects: 0.712700 ms CreateObjectMapping: 0.096700 ms MarkObjects: 1.675900 ms  DeleteObjects: 0.015200 ms)

AssetImportParameters requested are different than current active one (requested -> active):
  custom:framework-win-MediaFoundation: 216162199b28c13a410421893ffa2e32 -> 
  custom:video-decoder-ogg-theora: a1e56fd34408186e4bbccfd4996cb3dc -> 
  custom:container-muxer-webm: aa71ff27fc2769a1b78a27578f13a17b -> 
  custom:container-demuxer-webm: 4f35f7cbe854078d1ac9338744f61a02 -> 
  custom:container-demuxer-ogg: 62fdf1f143b41e24485cea50d1cbac27 -> 
  custom:video-encoder-webm-vp8: eb34c28f22e8b96e1ab97ce403110664 -> 
  custom:video-codec-MediaFoundation-h265: 746d11721c4dcdbdad8f713fa42b33f4 -> 
  custom:video-decoder-webm-vp8: 9c59270c3fd7afecdb556c50c9e8de78 -> 
  custom:audio-decoder-ogg-vorbis: bf7c407c2cedff20999df2af8eb42d56 -> 
  custom:audio-encoder-webm-vorbis: bf7c407c2cedff20999df2af8eb42d56 -> 
========================================================================
Received Import Request.
  Time since last request: 174.032512 seconds.
  path: Assets/Gizmos
  artifactKey: Guid(3091521f83c724f46bd48ab8330a0cd4) Importer(815301076,1909f56bfc062723c751e8b465ee728b)
Start importing Assets/Gizmos using Guid(3091521f83c724f46bd48ab8330a0cd4) Importer(815301076,1909f56bfc062723c751e8b465ee728b)  -> (artifact id: '181ffec8d49812177638e572ddfb2252') in 0.012740 seconds 
  Import took 0.016396 seconds .

========================================================================
Received Import Request.
  Time since last request: 0.069626 seconds.
  path: Assets/Gizmos/chat.png
  artifactKey: Guid(6521d3f78accc144bb0e1d06cfa10534) Importer(815301076,1909f56bfc062723c751e8b465ee728b)
Start importing Assets/Gizmos/chat.png using Guid(6521d3f78accc144bb0e1d06cfa10534) Importer(815301076,1909f56bfc062723c751e8b465ee728b)  -> (artifact id: '6ddca0aab0e9074be7e6815ed55a7bb7') in 0.057830 seconds 
  Import took 0.061480 seconds .

========================================================================
Received Import Request.
  Time since last request: 19.129305 seconds.
  path: Assets/Scripts/Practicas/gizmosManager.cs
  artifactKey: Guid(bb4b99b6720402e4788c2010aedbecc6) Importer(815301076,1909f56bfc062723c751e8b465ee728b)
Start importing Assets/Scripts/Practicas/gizmosManager.cs using Guid(bb4b99b6720402e4788c2010aedbecc6) Importer(815301076,1909f56bfc062723c751e8b465ee728b)  -> (artifact id: '0a1aaa17ef778354c0b610147d90bbd1') in 0.008130 seconds 
  Import took 0.011998 seconds .

========================================================================
Received Import Request.
  Time since last request: 4.111440 seconds.
  path: Assets/Scripts/Practicas/gizmosMesh.cs
  artifactKey: Guid(676f4511f78d7504c84ebe2e785e2b53) Importer(815301076,1909f56bfc062723c751e8b465ee728b)
Start importing Assets/Scripts/Practicas/gizmosMesh.cs using Guid(676f4511f78d7504c84ebe2e785e2b53) Importer(815301076,1909f56bfc062723c751e8b465ee728b)  -> (artifact id: '0ecb4660685b820b53770bcaeed52831') in 0.015970 seconds 
  Import took 0.019343 seconds .

========================================================================
Received Import Request.
  Time since last request: 3.114316 seconds.
  path: Assets/Scripts/Practicas/impactoBala.cs
  artifactKey: Guid(1d2513fb221a7154b86f8d1641861c48) Importer(815301076,1909f56bfc062723c751e8b465ee728b)
Start importing Assets/Scripts/Practicas/impactoBala.cs using Guid(1d2513fb221a7154b86f8d1641861c48) Importer(815301076,1909f56bfc062723c751e8b465ee728b)  -> (artifact id: '78e719b7d4fb6debe5efbbb5e3200ea2') in 0.006502 seconds 
  Import took 0.012027 seconds .

========================================================================
Received Import Request.
  Time since last request: 162.158214 seconds.
  path: ProjectSettings/TagManager.asset
  artifactKey: Guid(00000000000000003000000000000000) Importer(815301076,1909f56bfc062723c751e8b465ee728b)
Start importing ProjectSettings/TagManager.asset using Guid(00000000000000003000000000000000) Importer(815301076,1909f56bfc062723c751e8b465ee728b)  -> (artifact id: '1fbc75f5d8cd38c383d253235803dd2a') in 0.011256 seconds 
  Import took 0.015537 seconds .

========================================================================
Received Import Request.
  Time since last request: 0.000901 seconds.
  path: ProjectSettings/TagManager.asset
  artifactKey: Guid(00000000000000003000000000000000) Importer(815301076,1909f56bfc062723c751e8b465ee728b)
Start importing ProjectSettings/TagManager.asset using Guid(00000000000000003000000000000000) Importer(815301076,1909f56bfc062723c751e8b465ee728b)  -> (artifact id: '1fbc75f5d8cd38c383d253235803dd2a') in 0.002730 seconds 
  Import took 0.005822 seconds .

========================================================================
Received Prepare
Registering precompiled user dll's ...
Registered in 0.003013 seconds.
Begin MonoManager ReloadAssembly
Native extension for Lumin target not found
Native extension for LinuxStandalone target not found
Native extension for WindowsStandalone target not found
Native extension for OSXStandalone target not found
Native extension for WebGL target not found
Refreshing native plugins compatible for Editor in 0.94 ms, found 2 plugins.
Preloading 0 native plugins for Editor in 0.00 ms.
Mono: successfully reloaded assembly
- Completed reload, in  1.039 seconds
Platform modules already initialized, skipping
Refreshing native plugins compatible for Editor in 0.47 ms, found 2 plugins.
Preloading 0 native plugins for Editor in 0.00 ms.
Unloading 1843 Unused Serialized files (Serialized files now loaded: 0)
System memory in use before: 182.8 MB.
System memory in use after: 182.9 MB.

Unloading 15 unused Assets to reduce memory usage. Loaded Objects now: 2387.
Total: 1.793500 ms (FindLiveObjects: 0.185100 ms CreateObjectMapping: 0.065900 ms MarkObjects: 1.528200 ms  DeleteObjects: 0.013600 ms)

AssetImportParameters requested are different than current active one (requested -> active):
  custom:framework-win-MediaFoundation: 216162199b28c13a410421893ffa2e32 -> 
  custom:video-decoder-ogg-theora: a1e56fd34408186e4bbccfd4996cb3dc -> 
  custom:container-muxer-webm: aa71ff27fc2769a1b78a27578f13a17b -> 
  custom:container-demuxer-webm: 4f35f7cbe854078d1ac9338744f61a02 -> 
  custom:container-demuxer-ogg: 62fdf1f143b41e24485cea50d1cbac27 -> 
  custom:video-encoder-webm-vp8: eb34c28f22e8b96e1ab97ce403110664 -> 
  custom:video-codec-MediaFoundation-h265: 746d11721c4dcdbdad8f713fa42b33f4 -> 
  custom:video-decoder-webm-vp8: 9c59270c3fd7afecdb556c50c9e8de78 -> 
  custom:audio-decoder-ogg-vorbis: bf7c407c2cedff20999df2af8eb42d56 -> 
  custom:audio-encoder-webm-vorbis: bf7c407c2cedff20999df2af8eb42d56 -> 
========================================================================
Received Import Request.
  Time since last request: 110.147538 seconds.
  path: Assets/Scripts/Practicas/gizmosManager.cs
  artifactKey: Guid(bb4b99b6720402e4788c2010aedbecc6) Importer(815301076,1909f56bfc062723c751e8b465ee728b)
Start importing Assets/Scripts/Practicas/gizmosManager.cs using Guid(bb4b99b6720402e4788c2010aedbecc6) Importer(815301076,1909f56bfc062723c751e8b465ee728b)  -> (artifact id: '9f69c05e31c1de5d1f13311478da1c22') in 0.005028 seconds 
  Import took 0.009307 seconds .

========================================================================
Received Prepare
Registering precompiled user dll's ...
Registered in 0.003077 seconds.
Begin MonoManager ReloadAssembly
Native extension for Lumin target not found
Native extension for LinuxStandalone target not found
Native extension for WindowsStandalone target not found
Native extension for OSXStandalone target not found
Native extension for WebGL target not found
Refreshing native plugins compatible for Editor in 0.59 ms, found 2 plugins.
Preloading 0 native plugins for Editor in 0.00 ms.
Mono: successfully reloaded assembly
- Completed reload, in  0.967 seconds
Platform modules already initialized, skipping
Refreshing native plugins compatible for Editor in 0.68 ms, found 2 plugins.
Preloading 0 native plugins for Editor in 0.00 ms.
Unloading 1843 Unused Serialized files (Serialized files now loaded: 0)
System memory in use before: 182.8 MB.
System memory in use after: 182.9 MB.

Unloading 13 unused Assets to reduce memory usage. Loaded Objects now: 2390.
Total: 1.822100 ms (FindLiveObjects: 0.198200 ms CreateObjectMapping: 0.063400 ms MarkObjects: 1.545900 ms  DeleteObjects: 0.013700 ms)

AssetImportParameters requested are different than current active one (requested -> active):
  custom:framework-win-MediaFoundation: 216162199b28c13a410421893ffa2e32 -> 
  custom:video-decoder-ogg-theora: a1e56fd34408186e4bbccfd4996cb3dc -> 
  custom:container-muxer-webm: aa71ff27fc2769a1b78a27578f13a17b -> 
  custom:container-demuxer-webm: 4f35f7cbe854078d1ac9338744f61a02 -> 
  custom:container-demuxer-ogg: 62fdf1f143b41e24485cea50d1cbac27 -> 
  custom:video-encoder-webm-vp8: eb34c28f22e8b96e1ab97ce403110664 -> 
  custom:video-codec-MediaFoundation-h265: 746d11721c4dcdbdad8f713fa42b33f4 -> 
  custom:video-decoder-webm-vp8: 9c59270c3fd7afecdb556c50c9e8de78 -> 
  custom:audio-decoder-ogg-vorbis: bf7c407c2cedff20999df2af8eb42d56 -> 
  custom:audio-encoder-webm-vorbis: bf7c407c2cedff20999df2af8eb42d56 -> 
========================================================================
Received Import Request.
  Time since last request: 165.555809 seconds.
  path: Assets/Scenes/Ejercicios/Ejercicio1.unity
  artifactKey: Guid(789008983931fc04b826742d92798d08) Importer(815301076,1909f56bfc062723c751e8b465ee728b)
Start importing Assets/Scenes/Ejercicios/Ejercicio1.unity using Guid(789008983931fc04b826742d92798d08) Importer(815301076,1909f56bfc062723c751e8b465ee728b)  -> (artifact id: '36bf0747b8cb2009d948d7ea0027fa8d') in 0.073027 seconds 
  Import took 0.077202 seconds .

========================================================================
Received Prepare
Registering precompiled user dll's ...
Registered in 0.003228 seconds.
Begin MonoManager ReloadAssembly
Native extension for Lumin target not found
Native extension for LinuxStandalone target not found
Native extension for WindowsStandalone target not found
Native extension for OSXStandalone target not found
Native extension for WebGL target not found
Refreshing native plugins compatible for Editor in 0.53 ms, found 2 plugins.
Preloading 0 native plugins for Editor in 0.00 ms.
Mono: successfully reloaded assembly
- Completed reload, in  0.872 seconds
Platform modules already initialized, skipping
Refreshing native plugins compatible for Editor in 0.47 ms, found 2 plugins.
Preloading 0 native plugins for Editor in 0.00 ms.
Unloading 1843 Unused Serialized files (Serialized files now loaded: 0)
System memory in use before: 182.8 MB.
System memory in use after: 182.9 MB.

Unloading 13 unused Assets to reduce memory usage. Loaded Objects now: 2393.
Total: 2.051600 ms (FindLiveObjects: 0.176800 ms CreateObjectMapping: 0.063600 ms MarkObjects: 1.796500 ms  DeleteObjects: 0.013700 ms)

AssetImportParameters requested are different than current active one (requested -> active):
  custom:framework-win-MediaFoundation: 216162199b28c13a410421893ffa2e32 -> 
  custom:video-decoder-ogg-theora: a1e56fd34408186e4bbccfd4996cb3dc -> 
  custom:container-muxer-webm: aa71ff27fc2769a1b78a27578f13a17b -> 
  custom:container-demuxer-webm: 4f35f7cbe854078d1ac9338744f61a02 -> 
  custom:container-demuxer-ogg: 62fdf1f143b41e24485cea50d1cbac27 -> 
  custom:video-encoder-webm-vp8: eb34c28f22e8b96e1ab97ce403110664 -> 
  custom:video-codec-MediaFoundation-h265: 746d11721c4dcdbdad8f713fa42b33f4 -> 
  custom:video-decoder-webm-vp8: 9c59270c3fd7afecdb556c50c9e8de78 -> 
  custom:audio-decoder-ogg-vorbis: bf7c407c2cedff20999df2af8eb42d56 -> 
  custom:audio-encoder-webm-vorbis: bf7c407c2cedff20999df2af8eb42d56 -> 
AssetImportWorkerClient::OnTransportError - code=2 error=End of file
